<?xml version="1.0" encoding="UTF-8"?>
<!-- Generated by org.testng.reporters.JUnitXMLReporter -->
<testsuite ignored="0" hostname="VJH031221" failures="0" tests="3" name="LoginPrimusBank" time="0.075" errors="0" timestamp="2023-03-17T19:03:26 IST">
  <testcase classname="com.learnautomation.pages.BaseClass" name="@BeforeClass setup" time="0.032">
    <failure type="java.lang.IllegalStateException" message="The driver executable does not exist: D:\chromedriver.exe">
      <![CDATA[java.lang.IllegalStateException: The driver executable does not exist: D:\chromedriver.exe
at com.google.common.base.Preconditions.checkState(Preconditions.java:585)
at org.openqa.selenium.remote.service.DriverService.checkExecutable(DriverService.java:137)
at org.openqa.selenium.remote.service.DriverService.findExecutable(DriverService.java:132)
at org.openqa.selenium.chrome.ChromeDriverService.access$000(ChromeDriverService.java:35)
at org.openqa.selenium.chrome.ChromeDriverService$Builder.findDefaultExecutable(ChromeDriverService.java:156)
at org.openqa.selenium.remote.service.DriverService$Builder.build(DriverService.java:346)
at org.openqa.selenium.chrome.ChromeDriverService.createDefaultService(ChromeDriverService.java:91)
at org.openqa.selenium.chrome.ChromeDriver.<init>(ChromeDriver.java:123)
at com.learnautomation.utility.BrowserFactory.start_application(BrowserFactory.java:18)
at com.learnautomation.pages.BaseClass.setup(BaseClass.java:58)
at java.base/java.util.ArrayList.forEach(ArrayList.java:1511)
... Removed 25 stack frames]]>
    </failure>
  </testcase> <!-- @BeforeClass setup -->
  <testcase classname="com.learnautomation.pages.BaseClass" name="@AfterMethod teardownmethod" time="-1.679060006228E9">
    <skipped/>
  </testcase> <!-- @AfterMethod teardownmethod -->
  <testcase classname="com.learnautomation.pages.BaseClass" name="@AfterMethod teardownmethod" time="-1.679060006235E9">
    <skipped/>
  </testcase> <!-- @AfterMethod teardownmethod -->
  <testcase classname="com.learnautomation.pages.BaseClass" name="@AfterMethod teardownmethod" time="-1.679060006238E9">
    <skipped/>
  </testcase> <!-- @AfterMethod teardownmethod -->
  <testcase classname="com.learnautomation.pages.BaseClass" name="@AfterClass teartown" time="-1.679060006239E9">
    <skipped/>
  </testcase> <!-- @AfterClass teartown -->
  <testcase classname="com.learnautomation.testcases.LoginTest" name="logintest" time="0.0">
    <skipped/>
  </testcase> <!-- logintest -->
  <testcase classname="com.learnautomation.testcases.LoginTest" name="logouttest" time="0.0">
    <skipped/>
  </testcase> <!-- logouttest -->
  <testcase classname="com.learnautomation.testcases.LoginTest" name="refreshtest" time="0.0">
    <skipped/>
  </testcase> <!-- refreshtest -->
</testsuite> <!-- LoginPrimusBank -->
